<?xml version="1.0" encoding="UTF-8"?>
<testsuite xmlns:xsi="http://www.w3.org/2001/XMLSchema-instance" xsi:noNamespaceSchemaLocation="https://maven.apache.org/surefire/maven-surefire-plugin/xsd/surefire-test-report-3.0.xsd" version="3.0" name="com.example.AppTest" time="0.094" tests="1" errors="0" skipped="0" failures="0">
  <properties>
    <property name="java.specification.version" value="17"/>
    <property name="sun.cpu.isalist" value="amd64"/>
    <property name="sun.jnu.encoding" value="Cp1252"/>
    <property name="java.class.path" value="E:\Academic\Academic files\6th sem\DevOps\exp\MAVENPROJECT2\myapp\target\test-classes;E:\Academic\Academic files\6th sem\DevOps\exp\MAVENPROJECT2\myapp\target\classes;C:\Users\Deepika Naik\.m2\repository\junit\junit\4.13.2\junit-4.13.2.jar;C:\Users\Deepika Naik\.m2\repository\org\hamcrest\hamcrest-core\1.3\hamcrest-core-1.3.jar;"/>
    <property name="java.vm.vendor" value="Oracle Corporation"/>
    <property name="sun.arch.data.model" value="64"/>
    <property name="user.variant" value=""/>
    <property name="java.vendor.url" value="https://java.oracle.com/"/>
    <property name="user.timezone" value="Asia/Calcutta"/>
    <property name="os.name" value="Windows 11"/>
    <property name="java.vm.specification.version" value="17"/>
    <property name="sun.java.launcher" value="SUN_STANDARD"/>
    <property name="user.country" value="IN"/>
    <property name="sun.boot.library.path" value="C:\Program Files\Java\jdk-17\bin"/>
    <property name="sun.java.command" value="C:\Users\Deepika Naik\AppData\Local\Temp\surefire3124723286295429449\surefirebooter-20250501151302517_3.jar C:\Users\Deepika Naik\AppData\Local\Temp\surefire3124723286295429449 2025-05-01T15-13-02_325-jvmRun1 surefire-20250501151302517_1tmp surefire_0-20250501151302517_2tmp"/>
    <property name="jdk.debug" value="release"/>
    <property name="surefire.test.class.path" value="E:\Academic\Academic files\6th sem\DevOps\exp\MAVENPROJECT2\myapp\target\test-classes;E:\Academic\Academic files\6th sem\DevOps\exp\MAVENPROJECT2\myapp\target\classes;C:\Users\Deepika Naik\.m2\repository\junit\junit\4.13.2\junit-4.13.2.jar;C:\Users\Deepika Naik\.m2\repository\org\hamcrest\hamcrest-core\1.3\hamcrest-core-1.3.jar;"/>
    <property name="sun.cpu.endian" value="little"/>
    <property name="user.home" value="C:\Users\Deepika Naik"/>
    <property name="user.language" value="en"/>
    <property name="java.specification.vendor" value="Oracle Corporation"/>
    <property name="java.version.date" value="2024-07-16"/>
    <property name="java.home" value="C:\Program Files\Java\jdk-17"/>
    <property name="file.separator" value="\"/>
    <property name="basedir" value="E:\Academic\Academic files\6th sem\DevOps\exp\MAVENPROJECT2\myapp"/>
    <property name="java.vm.compressedOopsMode" value="Zero based"/>
    <property name="line.separator" value="&#10;"/>
    <property name="java.vm.specification.vendor" value="Oracle Corporation"/>
    <property name="java.specification.name" value="Java Platform API Specification"/>
    <property name="surefire.real.class.path" value="C:\Users\Deepika Naik\AppData\Local\Temp\surefire3124723286295429449\surefirebooter-20250501151302517_3.jar"/>
    <property name="user.script" value=""/>
    <property name="sun.management.compiler" value="HotSpot 64-Bit Tiered Compilers"/>
    <property name="java.runtime.version" value="17.0.12+8-LTS-286"/>
    <property name="user.name" value="Deepika Naik"/>
    <property name="path.separator" value=";"/>
    <property name="os.version" value="10.0"/>
    <property name="java.runtime.name" value="Java(TM) SE Runtime Environment"/>
    <property name="file.encoding" value="Cp1252"/>
    <property name="java.vm.name" value="Java HotSpot(TM) 64-Bit Server VM"/>
    <property name="localRepository" value="C:\Users\Deepika Naik\.m2\repository"/>
    <property name="java.vendor.url.bug" value="https://bugreport.java.com/bugreport/"/>
    <property name="java.io.tmpdir" value="C:\Users\DEEPIK~1\AppData\Local\Temp\"/>
    <property name="java.version" value="17.0.12"/>
    <property name="user.dir" value="E:\Academic\Academic files\6th sem\DevOps\exp\MAVENPROJECT2\myapp"/>
    <property name="os.arch" value="amd64"/>
    <property name="java.vm.specification.name" value="Java Virtual Machine Specification"/>
    <property name="sun.os.patch.level" value=""/>
    <property name="native.encoding" value="Cp1252"/>
    <property name="java.library.path" value="C:\Program Files\Java\jdk-17\bin;C:\windows\Sun\Java\bin;C:\windows\system32;C:\windows;C:\oracleApp\dbhomeXE\bin;C:\Program Files\Python311\Scripts\;C:\Program Files\Python311\;C:\Program Files\Common Files\Oracle\Java\javapath;C:\windows\system32;C:\windows;C:\windows\System32\Wbem;C:\windows\System32\WindowsPowerShell\v1.0\;C:\windows\System32\OpenSSH\;C:\MinGW\bin;C:\Program Files\Git\cmd;C:\Program Files\nodejs\;C:\Program Files\nodemon\;C:\php-8.4.1-Win32-vs17-x64;C:\Users\Deepika Naik\AppData\Local\Programs\IPFS Desktop\IPFS Desktop.exe;C:\Users\Deepika Naik\Apps\go-ipfs_v0.9.0\go-ipfs;C:\Users\Deepika Naik\Downloads\apache-maven-3.9.9-bin\apache-maven-3.9.9\bin;C:\Users\Deepika Naik\Downloads\apache-maven-3.9.9-bin\apache-maven-3.9.9;C:\Program Files\Java\jdk-17;C:\Program Files\apache-maven-3.9.9\bin;C:\Program Files\gradle-8.14\bin;C:\Users\Deepika Naik\AppData\Local\Microsoft\WindowsApps;C:\Users\Deepika Naik\AppData\Local\Programs\Microsoft VS Code\bin;C:\Program Files\JetBrains\IntelliJ IDEA Community Edition 2023.1.2\bin;C:\Program Files\JetBrains\PyCharm Community Edition 2023.1.2\bin;C:\Users\Deepika Naik\AppData\Local\atom\bin;C:\Users\Deepika Naik\AppData\Roaming\npm;C:\Users\Deepika Naik\Desktop\MinGW Installer.lnk;C:\Users\Deepika Naik\AppData\Roaming\Python\Python311\Scripts;C:\Users\Deepika Naik\AppData\Roaming\npm\node_modules\ipfs;C:\Users\Deepika Naik\AppData\Local\Programs\IPFS Desktop\IPFS Desktop.exe;C:\Users\Deepika Naik\Apps\go-ipfs_v0.9.0\go-ipfs;;."/>
    <property name="java.vm.info" value="mixed mode, sharing"/>
    <property name="java.vendor" value="Oracle Corporation"/>
    <property name="java.vm.version" value="17.0.12+8-LTS-286"/>
    <property name="sun.io.unicode.encoding" value="UnicodeLittle"/>
    <property name="java.class.version" value="61.0"/>
  </properties>
  <testcase name="testAdd" classname="com.example.AppTest" time="0.0">
    <system-out><![CDATA[Running test: 2 + 3 = 5
]]></system-out>
  </testcase>
</testsuite>